make all --print-data-base --no-builtin-variables --no-builtin-rules --question
make: *** No rule to make target 'all'.  Stop.

# GNU Make 4.2.1
# Built for x86_64-pc-linux-gnu
# Copyright (C) 1988-2016 Free Software Foundation, Inc.
# License GPLv3+: GNU GPL version 3 or later <http://gnu.org/licenses/gpl.html>
# This is free software: you are free to change and redistribute it.
# There is NO WARRANTY, to the extent permitted by law.

# Make data base, printed on Sat Jul 27 04:40:14 2024

# Variables

# automatic
<D = $(patsubst %/,%,$(dir $<))
# environment
RUBY_VERSION = ruby-3.2.4
# automatic
?F = $(notdir $?)
# default
.SHELLFLAGS := -c
# environment
VSCODE_AGENT_FOLDER = /home/codespace/.vscode-remote
# environment
NODE_ROOT = /home/codespace/nvm
# environment
NVM_INC = /usr/local/share/nvm/versions/node/v20.15.1/include/node
# automatic
?D = $(patsubst %/,%,$(dir $?))
# environment
GRADLE_HOME = /usr/local/sdkman/candidates/gradle/current
# environment
rvm_path = /usr/local/rvm
# environment
JAVA_ROOT = /home/codespace/java
# automatic
@D = $(patsubst %/,%,$(dir $@))
# automatic
@F = $(notdir $@)
# makefile
CURDIR := /workspaces/CPP
# environment
DOCKER_BUILDKIT = 1
# environment
PYTHON_ROOT = /home/codespace/.python
# environment
VSCODE_NLS_CONFIG = {"locale":"en","osLocale":"en","availableLanguages":{}}
# environment
GITHUB_CODESPACES_PORT_FORWARDING_DOMAIN = app.github.dev
# environment
PROMPT_DIRTRIM = 4
# environment
_ = /usr/bin/cat
# environment
GITHUB_GRAPHQL_URL = https://api.github.com/graphql
# environment
RUBY_HOME = /usr/local/rvm/rubies/default
# environment
MAVEN_HOME = /usr/local/sdkman/candidates/maven/current
# environment
GITHUB_TOKEN = ghu_xnTsDXClLjGPJ6RPsx90zQZTVHca2c3CGK2q
# makefile
MAKEFILE_LIST := 
# environment
ENABLE_DYNAMIC_INSTALL = true
# 'override' directive
GNUMAKEFLAGS := 
# environment
DOTNET_USE_POLLING_FILE_WATCHER = true
# environment
CONDA_DIR = /opt/conda
# environment
LESSOPEN = | /usr/bin/lesspipe %s
# environment
VSCODE_CWD = /vscode/bin/linux-x64/f1e16e1e6214d7c44d078b1f0607b2388f29d729
# environment
 
NVS_ROOT = /usr/local/nvs
# environment
DOTNET_SKIP_FIRST_TIME_EXPERIENCE = 1
# environment
PATH = /vscode/bin/linux-x64/f1e16e1e6214d7c44d078b1f0607b2388f29d729/bin/remote-cli:/home/codespace/.local/bin:/home/codespace/.dotnet:/home/codespace/nvm/current/bin:/home/codespace/.php/current/bin:/home/codespace/.python/current/bin:/home/codespace/java/current/bin:/home/codespace/.ruby/current/bin:/home/codespace/.local/bin:/usr/local/python/current/bin:/usr/local/py-utils/bin:/usr/local/oryx:/usr/local/go/bin:/go/bin:/usr/local/sdkman/bin:/usr/local/sdkman/candidates/java/current/bin:/usr/local/sdkman/candidates/gradle/current/bin:/usr/local/sdkman/candidates/maven/current/bin:/usr/local/sdkman/candidates/ant/current/bin:/usr/local/rvm/gems/default/bin:/usr/local/rvm/gems/default@global/bin:/usr/local/rvm/rubies/default/bin:/usr/local/share/rbenv/bin:/usr/local/php/current/bin:/opt/conda/bin:/usr/local/nvs:/usr/local/share/nvm/current/bin:/usr/local/hugo/bin:/usr/local/sbin:/usr/local/bin:/usr/sbin:/usr/bin:/sbin:/bin:/usr/share/dotnet:/home/codespace/.dotnet/tools:/usr/local/rvm/bin
# environment
NVS_OS = linux
# environment
DYNAMIC_INSTALL_ROOT_DIR = /opt
# environment
CLOUDENV_ENVIRONMENT_ID = 8ba11ed9-9d68-47c4-b6fc-996ca405fcdd
# environment
rvm_stored_umask = 0022
# environment
GITHUB_SERVER_URL = https://github.com
# environment
NODE_ENV = production
# environment
PIPX_BIN_DIR = /usr/local/py-utils/bin
# environment
PIPX_HOME = /usr/local/py-utils
# environment
SDKMAN_DIR = /usr/local/sdkman
# environment
SDKMAN_CANDIDATES_API = https://api.sdkman.io/2
# environment
GOPATH = /go
# environment
NVM_BIN = /usr/local/share/nvm/versions/node/v20.15.1/bin
# environment
HUGO_DIR = /usr/local/hugo/bin
# environment
SDKMAN_PLATFORM = linuxx64
# environment
NUGET_XMLDOC_MODE = skip
# environment
ELECTRON_RUN_AS_NODE = 1
# environment
VSCODE_IPC_HOOK_CLI = /tmp/vscode-ipc-49ba89d3-d24e-454e-936c-07f792bcb77e.sock
# environment
DOTNET_RUNNING_IN_CONTAINER = true
# default
.FEATURES := target-specific order-only second-expansion else-if shortest-stem undefine oneshell archives jobserver output-sync check-symlink load
# environment
CODESPACES = true
# environment
CODESPACE_NAME = cautious-capybara-jj5474r44wv7f564p
# environment
LS_COLORS = 
# automatic
%F = $(notdir $%)
# environment
rvm_version = 1.29.12 (latest)
# environment
NVS_DIR = /usr/local/nvs
# environment
PHP_PATH = /usr/local/php/current
# environment
CONDA_SCRIPT = /opt/conda/etc/profile.d/conda.sh
# environment
ORYX_DIR = /usr/local/oryx
# environment
JUPYTERLAB_PATH = /home/codespace/.local/bin
# environment
rvm_bin_path = /usr/local/rvm/bin
# environment
ORYX_SDK_STORAGE_BASE_URL = https://oryx-cdn.microsoft.io
# environment
DOTNET_ROOT = /usr/share/dotnet
# default
.LOADED := 
# environment
GEM_HOME = /usr/local/rvm/gems/ruby-3.2.4
# environment
RVM_PATH = /usr/local/rvm
# environment
NPM_GLOBAL = /home/codespace/.npm-global
# environment
NVM_SYMLINK_CURRENT = true
# environment
VSCODE_AMD_ENTRYPOINT = vs/workbench/api/node/extensionHostProcess
# environment
HOME = /home/codespace
# environment
LESSCLOSE = /usr/bin/lesspipe %s %s
 
# environment
APPLICATION_INSIGHTS_NO_DIAGNOSTIC_CHANNEL = 1
# environment
NVM_CD_FLAGS = 
# automatic
+F = $(notdir $+)
# environment
ORYX_PREFER_USER_INSTALLED_SDKS = true
# environment
PYTHONIOENCODING = UTF-8
# environment
VSCODE_HANDLES_UNCAUGHT_ERRORS = true
# automatic
^D = $(patsubst %/,%,$(dir $^))
# environment
HOSTNAME = codespaces-41a46c
# environment
ORYX_ENV_TYPE = vsonline-present
# environment
MAKELEVEL := 0
# environment
GEM_PATH = /usr/local/rvm/gems/ruby-3.2.4:/usr/local/rvm/gems/ruby-3.2.4@global
# default
MAKE = $(MAKE_COMMAND)
# environment
HUGO_ROOT = /home/codespace/.hugo
# default
MAKECMDGOALS := all
# environment
IRBRC = /usr/local/rvm/rubies/ruby-3.2.4/.irbrc
# environment
SHLVL = 1
# environment
RUBY_ROOT = /home/codespace/.ruby
# environment
MAVEN_ROOT = /home/codespace/.maven
# environment
JAVA_HOME = /usr/local/sdkman/candidates/java/current
# default
MAKE_VERSION := 4.2.1
# environment
GITHUB_CODESPACE_TOKEN = BBQ6U532CO75NPMLTXRFHTDGUURM3ANCNFSM4AIQS7GA
# environment
USER = codespace
# environment
NVS_USE_XZ = 1
# makefile
.DEFAULT_GOAL := 
# environment
SHELL_LOGGED_IN = true
# environment
GOROOT = /usr/local/go
# environment
__NEXT_PRIVATE_STANDALONE_CONFIG = {"env":{},"webpack":null,"eslint":{"ignoreDuringBuilds":false},"typescript":{"ignoreBuildErrors":false,"tsconfigPath":"tsconfig.json"},"distDir":"./.next","cleanDistDir":true,"assetPrefix":"","configOrigin":"next.config.js","useFileSystemPublicRoutes":true,"generateEtags":true,"pageExtensions":["tsx","ts","jsx","js"],"poweredByHeader":true,"compress":true,"analyticsId":"","images":{"deviceSizes":[640,750,828,1080,1200,1920,2048,3840],"imageSizes":[16,32,48,64,96,128,256,384],"path":"/_next/image","loader":"default","loaderFile":"","domains":[],"disableStaticImages":false,"minimumCacheTTL":60,"formats":["image/webp"],"dangerouslyAllowSVG":false,"contentSecurityPolicy":"script-src 'none'; frame-src 'none'; sandbox;","contentDispositionType":"inline","remotePatterns":[],"unoptimized":false},"devIndicators":{"buildActivity":true,"buildActivityPosition":"bottom-right"},"onDemandEntries":{"maxInactiveAge":60000,"pagesBufferLength":5},"amp":{"canonicalBase":""},"basePath":"","sassOptions":{},"trailingSlash":false,"i18n":null,"productionBrowserSourceMaps":false,"optimizeFonts":true,"excludeDefaultMomentLocales":true,"serverRuntimeConfig":{},"publicRuntimeConfig":{},"reactProductionProfiling":false,"reactStrictMode":null,"httpAgentOptions":{"keepAlive":true},"outputFileTracing":true,"staticPageGenerationTimeout":60,"swcMinify":true,"output":"standalone","modularizeImports":{"@mui/icons-material":{"transform":"@mui/icons-material/{{member}}"},"date-fns":{"transform":"date-fns/{{member}}"},"lodash":{"transform":"lodash/{{member}}"},"lodash-es":{"transform":"lodash-es/{{member}}"},"ramda":{"transform":"ramda/es/{{member}}"},"react-bootstrap":{"transform":{"useAccordionButton":"modularize-import-loader?name=useAccordionButton&from=named&as=default!react-bootstrap/AccordionButton","*":"react-bootstrap/{{member}}"}},"antd":{"transform":"antd/lib/{{kebabCase member}}"},"ahooks":{"transform":{"createUpdateEffect":"modularize-import-loader?name=createUpdateEffect&from=named&as=default!ahooks/es/createUpdateEffect","*":"ahooks/es/{{member}}"}},"@ant-design/icons":{"transform":{"IconProvider":"modularize-import-loader?name=IconProvider&from=named&as=default!@ant-design/icons","createFromIconfontCN":"@ant-design/icons/es/components/IconFont","getTwoToneColor":"modularize-import-loader?name=getTwoToneColor&from=named&as=default!@ant-design/icons/es/components/twoTonePrimaryColor","setTwoToneColor":"modularize-import-loader?name=setTwoToneColor&from=named&as=default!@ant-design/icons/es/components/twoTonePrimaryColor","*":"@ant-design/icons/lib/icons/{{member}}"}},"next/server":{"transform":"next/dist/server/web/exports/{{ kebabCase member }}"}},"experimental":{"serverMinification":true,"serverSourceMaps":false,"caseSensitiveRoutes":false,"useDeploymentId":false,"useDeploymentIdServerActions":false,"clientRouterFilter":true,"clientRouterFilterRedirects":false,"fetchCacheKeyPrefix":"","middlewarePrefetch":"flexible","optimisticClientCache":true,"manualClientBasePath":false,"cpus":9,"memoryBasedWorkersCount":false,"isrFlushToDisk":true,"workerThreads":false,"optimizeCss":false,"nextScriptWorkers":false,"scrollRestoration":false,"externalDir":false,"disableOptimizedLoading":false,"gzipSize":true,"craCompat":false,"esmExternals":true,"isrMemoryCacheSize":52428800,"fullySpecified":false,"outputFileTracingRoot":"/Users/maol/WebstormProjects/Trabajo/codegpt-nextjs","swcTraceProfiling":false,"forceSwcTransforms":false,"largePageDataBytes":128000,"adjustFontFallbacks":false,"adjustFontFallbacksWithSizeAdjust":false,"typedRoutes":false,"instrumentationHook":false,"bundlePagesExternals":false,"optimizePackageImports":["lucide-react","@headlessui/react","@headlessui-float/react","@heroicons/react/20/solid","@heroicons/react/24/solid","@heroicons/react/24/outline","@visx/visx","@tremor/react","rxjs","@mui/material","@mui/icons-material","recharts","react-use","@material-ui/core","@material-ui/icons","@tabler/icons-react","mui-core","react-icons/ai","react-icons/bi","react-icons/bs","react-icons/cg","react-icons/ci","react-icons/di","react-icons/fa","react-icons/fa6","react-icons/fc","react-icons/fi","react-icons/gi","react-icons/go","react-icons/gr","react-icons/hi","react-icons/hi2","react-icons/im","react-icons/io","react-icons/io5","react-icons/lia","react-icons/lib","react-icons/lu","react-icons/md","react-icons/pi","react-icons/ri","react-icons/rx","react-icons/si","react-icons/sl","react-icons/tb","react-icons/tfi","react-icons/ti","react-icons/vsc","react-icons/wi"],"trustHostHeader":false,"isExperimentalCompile":false},"configFileName":"next.config.js"}
# automatic
%D = $(patsubst %/,%,$(dir $%))
# environment
PORT = 54112
# environment
OLDPWD = /
# default
.VARIABLES := 
# automatic
*F = $(notdir $*)
# makefile
MAKEFLAGS = pqrR
# environment
MFLAGS = -pqrR
# automatic
*D = $(patsubst %/,%,$(dir $*))
# environment
NVM_DIR = /usr/local/share/nvm
# environment
PYTHON_PATH = /usr/local/python/current
# automatic
+D = $(patsubst %/,%,$(dir $+))
# environment
VSCODE_L10N_BUNDLE_LOCATION = 
# makefile
SHELL = /bin/sh
# environment
rvm_user_install_flag = 0
# environment
BROWSER = /vscode/bin/linux-x64/f1e16e1e6214d7c44d078b1f0607b2388f29d729/bin/helpers/browser.sh
# environment
PHP_ROOT = /home/codespace/.php
# environment
NVS_HOME = /usr/local/nvs
# environment
VSCODE_HANDLES_SIGPIPE = true
# default
MAKE_COMMAND := make
# environment
DEBIAN_FLAVOR = focal-scm
# environment
GITHUB_USER = pamone74
# default
MAKEFILES := 
# automatic
<F = $(notdir $<)
# environment
SDKMAN_CANDIDATES_DIR = /usr/local/sdkman/candidates
# environment
GITHUB_API_URL = https://api.github.com
# environment
__NEXT_PRIVATE_ORIGIN = http://codespaces-41a46c:54112
# environment
PWD = /workspaces/CPP
# environment
LC_ALL = C
# environment
INTERNAL_VSCS_TARGET_URL = https://centralindia.online.visualstudio.com
# environment
GITHUB_REPOSITORY = pamone74/CPP
# automatic
^F = $(notdir $^)
# environment
rvm_prefix = /usr/local
# default
SUFFIXES := 
# default
.INCLUDE_DIRS = /usr/include /usr/local/include /usr/include
# environment
rvm_loaded_flag = 1
# default
.RECIPEPREFIX := 
 
# default
MAKE_HOST := x86_64-pc-linux-gnu
# environment
RAILS_DEVELOPMENT_HOSTS = .githubpreview.dev,.preview.app.github.dev,.app.github.dev
# environment
LANG = C
# environment
ContainerVersion = 13
# environment
MY_RUBY_HOME = /usr/local/rvm/rubies/ruby-3.2.4
# variable set hash-table stats:
# Load=142/1024=14%, Rehash=0, Collisions=15/164=9%

# Pattern-specific Variable Values

# No pattern-specific variable values.

# Directories

# . (device 1795, inode 1572874): 9 files, no impossibilities.

# 9 files, no impossibilities in 1 directories.

# Implicit Rules

# No implicit rules.

# Files

# Not a target:
all:
#  Command line target.
#  Implicit rule search has been done.
#  File does not exist.
#  File has not been updated.

# Not a target:
Makefile:
#  Implicit rule search has been done.
#  File does not exist.
#  File has been updated.
#  Failed to be updated.

# Not a target:
makefile:
#  Implicit rule search has been done.
#  File does not exist.
#  File has been updated.
#  Failed to be updated.

# Not a target:
.DEFAULT:
#  Implicit rule search has not been done.
#  Modification time never checked.
#  File has not been updated.

# Not a target:
GNUmakefile:
#  Implicit rule search has been done.
#  File does not exist.
#  File has been updated.
#  Failed to be updated.

# files hash-table stats:
# Load=6/1024=1%, Rehash=0, Collisions=0/15=0%
# VPATH Search Paths

# No 'vpath' search paths.

# No general ('VPATH' variable) search path.

# strcache buffers: 1 (0) / strings = 17 / storage = 148 B / avg = 8 B
# current buf: size = 8162 B / used = 148 B / count = 17 / avg = 8 B

# strcache performance: lookups = 20 / hit rate = 15%
# hash-table stats:
# Load=17/8192=0%, Rehash=0, Collisions=1/20=5%
# Finished Make data base on Sat Jul 27 04:40:14 2024

 
